http://35.244.231.138:8080/BSDS_Ass2/rest/dropDataBase
http://35.244.231.138:8080/BSDS_Ass2/rest/dropDataBase
127
Warmup phase
Loading phase
Peak phase
Cooldown phase
Average: 44
95th percentile: 125
99th percentile: 211
http://35.244.231.138:8080/BSDS_Ass2/rest/dropDataBase
126
Warmup phase
Loading phase
Peak phase
Cooldown phase
Average: 43
95th percentile: 123
99th percentile: 198
http://35.244.231.138:8080/BSDS_Ass2/rest/dropDataBase
125
Warmup phase
Loading phase
Peak phase
Cooldown phase
Average: 44
95th percentile: 126
99th percentile: 224
http://35.244.231.138:8080/BSDS_Ass2/rest/dropDataBase
124
Warmup phase
Loading phase
Peak phase
Cooldown phase
Average: 46
95th percentile: 133
99th percentile: 244
http://35.244.231.138:8080/BSDS_Ass2/rest/dropDataBase
123
Warmup phase
Loading phase
Peak phase
Cooldown phase
Average: 43
95th percentile: 124
99th percentile: 214
http://35.244.231.138:8080/BSDS_Ass2/rest/dropDataBase
122
Warmup phase
Loading phase
Peak phase
Cooldown phase
Average: 41
95th percentile: 117
99th percentile: 191
http://35.244.231.138:8080/BSDS_Ass2/rest/dropDataBase
121
Warmup phase
Loading phase
Peak phase
Cooldown phase
Average: 42
95th percentile: 121
99th percentile: 206
http://35.244.231.138:8080/BSDS_Ass2/rest/dropDataBase
120
Warmup phase
Loading phase
Peak phase
Cooldown phase
Average: 49
95th percentile: 151
99th percentile: 309
http://35.244.231.138:8080/BSDS_Ass2/rest/dropDataBase
255
Warmup phase
Loading phase
Peak phase
Cooldown phase
Average: 120
95th percentile: 412
99th percentile: 1113
http://35.244.231.138:8080/BSDS_Ass2/rest/dropDataBase
254
Warmup phase
Loading phase
Peak phase
Cooldown phase
Average: 99
95th percentile: 302
99th percentile: 708
http://35.244.231.138:8080/BSDS_Ass2/rest/dropDataBase
253
Warmup phase
Loading phase
Peak phase
Cooldown phase
Average: 143
95th percentile: 508
99th percentile: 2133
http://35.244.231.138:8080/BSDS_Ass2/rest/dropDataBase
252
Warmup phase
Loading phase
Peak phase
Cooldown phase
Average: 139
95th percentile: 476
99th percentile: 1798
http://35.244.231.138:8080/BSDS_Ass2/rest/dropDataBase
251
Warmup phase
Loading phase
Peak phase
Cooldown phase
Average: 126
95th percentile: 403
99th percentile: 1177
http://35.244.231.138:8080/BSDS_Ass2/rest/dropDataBase
250
Warmup phase
Loading phase
Peak phase
Cooldown phase
Average: 115
95th percentile: 342
99th percentile: 881
http://35.244.231.138:8080/BSDS_Ass2/rest/dropDataBase
249
Warmup phase
Loading phase
Peak phase
Cooldown phase
Average: 110
95th percentile: 325
99th percentile: 818
http://35.244.231.138:8080/BSDS_Ass2/rest/dropDataBase
248
Warmup phase
Loading phase
Peak phase
Cooldown phase
Average: 106
95th percentile: 308
99th percentile: 789
http://35.244.231.138:8080/BSDS_Ass2/rest/dropDataBase
500
Warmup phase
Loading phase
Peak phase
Cooldown phase
Average: 273
95th percentile: 2022
99th percentile: 4101
http://35.244.231.138:8080/BSDS_Ass2/rest/dropDataBase
1000
Warmup phase
Loading phase
Peak phase
Cooldown phase
Average: 552
95th percentile: 2976
99th percentile: 5954
http://35.244.231.138:8080/BSDS_Ass2/rest/dropDataBase
1599
Warmup phase
Loading phase
Peak phase
Cooldown phase
Average: 657
95th percentile: 3050
99th percentile: 5582
